This is pdfTeX, Version 3.141592653-2.6-1.40.28 (MiKTeX 25.12) (preloaded format=latex 2026.1.27)  6 FEB 2026 07:35
entering extended mode
 restricted \write18 enabled.
 %&-line parsing enabled.
**./SP2-1.html
(SP2-1.html
LaTeX2e <2025-11-01>
L3 programming layer <2025-12-24>

! LaTeX Error: Missing \begin{document}.

See the LaTeX manual or LaTeX Companion for explanation.
Type  H <return>  for immediate help.
 ...                                              
                                                  
l.1 <
     !DOCTYPE html>
? 
! Emergency stop.
 ...                                              
                                                  
l.1 <
     !DOCTYPE html>
You're in trouble here.  Try typing  <return>  to proceed.
If that doesn't work, type  X <return>  to quit.

 
Here is how much of TeX's memory you used:
 18 strings out of 467871
 627 string characters out of 5418381
 433730 words of memory out of 5000000
 28996 multiletter control sequences out of 15000+600000
 627721 words of font info for 40 fonts, out of 8000000 for 9000
 1141 hyphenation exceptions out of 8191
 15i,0n,18p,63b,14s stack positions out of 10000i,1000n,20000p,200000b,200000s
No pages of output.
